<?xml version="1.0" encoding="UTF-8"?>
<!-- Generated by org.testng.reporters.JUnitXMLReporter -->
<testsuite hostname="FRLH019863" ignored="0" name="Login to Application" tests="4" failures="0" timestamp="28 mars 2020 08:24:18 GMT" time="30.366" errors="0">
  <testcase name="loginWithBothCorrect" time="8.095" classname="loginTestCases.Login"/>
  <testcase name="loginWithBothCorrect" time="6.624" classname="loginTestCases.Login"/>
  <testcase name="loginWithBothCorrect" time="8.619" classname="loginTestCases.Login"/>
  <testcase name="loginWithBothCorrect" time="6.951" classname="loginTestCases.Login"/>
</testsuite> <!-- Login to Application -->
