<?xml version="1.0" encoding="UTF-8"?>
<!-- Generated by org.testng.reporters.JUnitXMLReporter -->
<testsuite hostname="FRLH019863" ignored="0" name="Login test cases" tests="4" failures="0" timestamp="28 mars 2020 05:39:36 GMT" time="37.148" errors="0">
  <testcase name="loginWithBothCorrect" time="8.459" classname="loginTestCases.BothCorrect"/>
  <testcase name="loginWithBothIncorrect" time="10.111" classname="loginTestCases.BothIncorrect"/>
  <testcase name="loginWithCorrectPassword" time="8.744" classname="loginTestCases.CorrectPassword"/>
  <testcase name="loginWithCorrectUserName" time="9.769" classname="loginTestCases.CorrectUserName"/>
</testsuite> <!-- Login test cases -->
